[0mGET / [32m200[0m 920.934 ms - 5726[0m
[0mGET /js/home_post_comments.js [33m404[0m 7.145 ms - 163[0m
[0mGET /js/toggle_likes.js [33m404[0m 6.025 ms - 157[0m
[0mGET /js/chat_engine.js [33m404[0m 3.794 ms - 156[0m
[0mGET /js/home_posts.js [33m404[0m 11.511 ms - 155[0m
[0mGET /favicon.ico [33m404[0m 2.608 ms - 150[0m
[0mGET / [36m304[0m 90.411 ms - -[0m
[0mGET /css/layout.css [33m404[0m 3.472 ms - 153[0m
[0mGET /css/header.css [33m404[0m 2.663 ms - 153[0m
[0mGET /css/footer.css [33m404[0m 2.499 ms - 153[0m
[0mGET /js/home_post_comments.js [33m404[0m 5.756 ms - 163[0m
[0mGET /css/home.css [33m404[0m 12.469 ms - 151[0m
[0mGET /js/toggle_likes.js [33m404[0m 10.133 ms - 157[0m
[0mGET /js/chat_engine.js [33m404[0m 10.933 ms - 156[0m
[0mGET /css/chat_box.css [33m404[0m 23.986 ms - 155[0m
[0mGET /js/home_posts.js [33m404[0m 23.635 ms - 155[0m
[0mGET / [36m304[0m 96.207 ms - -[0m
[0mGET /css/layout.css [33m404[0m 2.626 ms - 153[0m
[0mGET /css/header.css [33m404[0m 2.527 ms - 153[0m
[0mGET /js/home_post_comments.js [33m404[0m 3.842 ms - 163[0m
[0mGET /js/home_posts.js [33m404[0m 9.669 ms - 155[0m
[0mGET /js/toggle_likes.js [33m404[0m 11.649 ms - 157[0m
[0mGET /css/footer.css [33m404[0m 9.541 ms - 153[0m
[0mGET /css/chat_box.css [33m404[0m 15.708 ms - 155[0m
[0mGET /css/home.css [33m404[0m 14.364 ms - 151[0m
[0mGET /js/chat_engine.js [33m404[0m 6.614 ms - 156[0m
[0mGET / [32m200[0m 876.288 ms - 5726[0m
[0mGET /js/toggle_likes.js [33m404[0m 6.664 ms - 157[0m
[0mGET /js/home_post_comments.js [33m404[0m 6.217 ms - 163[0m
[0mGET /js/home_posts.js [33m404[0m 7.625 ms - 155[0m
[0mGET /js/chat_engine.js [33m404[0m 17.050 ms - 156[0m
[0mGET /favicon.ico [33m404[0m 4.655 ms - 150[0m
[0mGET /users/profile/62bbb1ae62d112f360f72753 [31m500[0m 32.449 ms - 1895[0m
[0mGET /js/home_post_comments.js [33m404[0m 3.352 ms - 163[0m
[0mGET /js/home_posts.js [33m404[0m 4.942 ms - 155[0m
[0mGET /js/toggle_likes.js [33m404[0m 7.030 ms - 157[0m
[0mGET /js/chat_engine.js [33m404[0m 9.455 ms - 156[0m
[0mGET /users/sign-in [32m200[0m 28.447 ms - 1587[0m
[0mGET /users/css/layout.css [33m404[0m 3.051 ms - 159[0m
[0mGET /users/css/footer.css [33m404[0m 5.133 ms - 159[0m
[0mGET /users/css/header.css [33m404[0m 5.883 ms - 159[0m
[0mPOST /users/create-session [36m302[0m 63.187 ms - 72[0m
[0mGET /users/sign-in [32m200[0m 10.257 ms - 1855[0m
[0mGET /users/css/layout.css [33m404[0m 4.757 ms - 159[0m
[0mGET /users/css/header.css [33m404[0m 4.089 ms - 159[0m
[0mGET /users/css/footer.css [33m404[0m 11.408 ms - 159[0m
[0mPOST /users/create-session [36m302[0m 77.188 ms - 46[0m
[0mGET / [32m200[0m 65.540 ms - 9284[0m
[0mGET /css/layout.css [33m404[0m 4.826 ms - 153[0m
[0mGET /css/header.css [33m404[0m 5.331 ms - 153[0m
[0mGET /css/footer.css [33m404[0m 6.610 ms - 153[0m
[0mGET /css/home.css [33m404[0m 21.276 ms - 151[0m
[0mGET /js/home_post_comments.js [33m404[0m 24.001 ms - 163[0m
[0mGET /js/chat_engine.js [33m404[0m 20.709 ms - 156[0m
[0mGET /js/home_posts.js [33m404[0m 37.711 ms - 155[0m
[0mGET /js/toggle_likes.js [33m404[0m 37.582 ms - 157[0m
[0mGET /css/chat_box.css [33m404[0m 26.245 ms - 155[0m
[0mGET / [32m200[0m 37.818 ms - 9017[0m
[0mGET /js/home_post_comments.js [33m404[0m 21.439 ms - 163[0m
[0mGET /css/layout.css [33m404[0m 24.242 ms - 153[0m
[0mGET /css/header.css [33m404[0m 24.510 ms - 153[0m
[0mGET /css/footer.css [33m404[0m 25.007 ms - 153[0m
[0mGET /css/home.css [33m404[0m 25.162 ms - 151[0m
[0mGET /css/chat_box.css [33m404[0m 31.191 ms - 155[0m
[0mGET /js/home_posts.js [33m404[0m 12.185 ms - 155[0m
[0mGET /js/toggle_likes.js [33m404[0m 13.184 ms - 157[0m
[0mGET /js/chat_engine.js [33m404[0m 15.289 ms - 156[0m
[0mGET /css/layout.css [33m404[0m 21.459 ms - 153[0m
[0mGET /css/header.css [33m404[0m 21.088 ms - 153[0m
[0mGET /css/footer.css [33m404[0m 15.755 ms - 153[0m
[0mGET /css/home.css [33m404[0m 9.439 ms - 151[0m
[0mGET /css/chat_box.css [33m404[0m 12.647 ms - 155[0m
[0mGET /favicon.ico [33m404[0m 4.334 ms - 150[0m
[0mGET /css/layout.css [33m404[0m 9.028 ms - 153[0m
[0mGET /css/header.css [33m404[0m 10.485 ms - 153[0m
[0mGET /css/footer.css [33m404[0m 10.461 ms - 153[0m
[0mGET /css/chat_box.css [33m404[0m 12.315 ms - 155[0m
[0mGET /css/home.css [33m404[0m 12.145 ms - 151[0m
[0mGET / [32m200[0m 170.218 ms - 9017[0m
[0mGET /css/layout.css [33m404[0m 5.244 ms - 153[0m
[0mGET /css/home.css [33m404[0m 8.875 ms - 151[0m
[0mGET /css/header.css [33m404[0m 9.440 ms - 153[0m
[0mGET /css/chat_box.css [33m404[0m 9.002 ms - 155[0m
[0mGET /js/home_post_comments.js [33m404[0m 6.430 ms - 163[0m
[0mGET /css/footer.css [33m404[0m 5.383 ms - 153[0m
[0mGET /js/home_posts.js [33m404[0m 5.982 ms - 155[0m
[0mGET /js/toggle_likes.js [33m404[0m 4.260 ms - 157[0m
[0mGET /js/chat_engine.js [33m404[0m 14.663 ms - 156[0m
[0mGET /css/layout.css [33m404[0m 4.162 ms - 153[0m
[0mGET /css/header.css [33m404[0m 9.373 ms - 153[0m
[0mGET /css/footer.css [33m404[0m 11.244 ms - 153[0m
[0mGET /css/home.css [33m404[0m 10.514 ms - 151[0m
[0mGET /css/chat_box.css [33m404[0m 11.977 ms - 155[0m
[0mGET /favicon.ico [33m404[0m 5.986 ms - 150[0m
[0mGET / [32m200[0m 28.563 ms - 9015[0m
[0mGET /js/home_post_comments.js [33m404[0m 24.631 ms - 163[0m
[0mGET /css/header.css [33m404[0m 26.176 ms - 153[0m
[0mGET /css/layout.css [33m404[0m 26.428 ms - 153[0m
[0mGET /css/footer.css [33m404[0m 27.419 ms - 153[0m
[0mGET /css/home.css [33m404[0m 30.604 ms - 151[0m
[0mGET /css/chat_box.css [33m404[0m 22.392 ms - 155[0m
[0mGET /js/home_posts.js [33m404[0m 18.078 ms - 155[0m
[0mGET /js/toggle_likes.js [33m404[0m 8.976 ms - 157[0m
[0mGET /js/chat_engine.js [33m404[0m 15.963 ms - 156[0m
[0mGET /css/layout.css [33m404[0m 12.112 ms - 153[0m
[0mGET /css/header.css [33m404[0m 11.778 ms - 153[0m
[0mGET /css/footer.css [33m404[0m 13.122 ms - 153[0m
[0mGET /css/home.css [33m404[0m 15.792 ms - 151[0m
[0mGET /css/chat_box.css [33m404[0m 11.379 ms - 155[0m
[0mGET /favicon.ico [33m404[0m 4.468 ms - 150[0m
[0mGET / [32m200[0m 107.858 ms - 9015[0m
[0mGET /css/layout.css [33m404[0m 6.948 ms - 153[0m
[0mGET /css/header.css [33m404[0m 11.340 ms - 153[0m
[0mGET /css/footer.css [33m404[0m 22.970 ms - 153[0m
[0mGET /js/home_post_comments.js [33m404[0m 21.899 ms - 163[0m
[0mGET /js/home_posts.js [33m404[0m 23.363 ms - 155[0m
[0mGET /css/home.css [33m404[0m 23.087 ms - 151[0m
[0mGET /css/chat_box.css [33m404[0m 22.912 ms - 155[0m
[0mGET /js/toggle_likes.js [33m404[0m 16.521 ms - 157[0m
[0mGET /js/chat_engine.js [33m404[0m 4.339 ms - 156[0m
[0mGET /css/layout.css [33m404[0m 3.597 ms - 153[0m
[0mGET /css/header.css [33m404[0m 9.838 ms - 153[0m
[0mGET /css/footer.css [33m404[0m 8.487 ms - 153[0m
[0mGET /css/home.css [33m404[0m 11.387 ms - 151[0m
[0mGET /css/chat_box.css [33m404[0m 12.261 ms - 155[0m
[0mGET /favicon.ico [33m404[0m 3.333 ms - 150[0m
[0mGET /users/profile/62bbb1ae62d112f360f72753 [32m200[0m 42.393 ms - 1890[0m
[0mGET /users/profile/css/layout.css [33m404[0m 4.435 ms - 167[0m
[0mGET /users/profile/css/header.css [33m404[0m 12.392 ms - 167[0m
[0mGET /users/profile/css/footer.css [33m404[0m 15.884 ms - 167[0m
[0mGET /users/profile/css/user_profile.css [33m404[0m 12.290 ms - 173[0m
[0mGET / [36m304[0m 86.605 ms - -[0m
[0mGET /css/layout.css [33m404[0m 5.222 ms - 153[0m
[0mGET /css/header.css [33m404[0m 19.697 ms - 153[0m
[0mGET /css/footer.css [33m404[0m 20.979 ms - 153[0m
[0mGET /js/home_post_comments.js [33m404[0m 19.495 ms - 163[0m
[0mGET /css/home.css [33m404[0m 24.231 ms - 151[0m
[0mGET /js/home_posts.js [33m404[0m 24.411 ms - 155[0m
[0mGET /css/chat_box.css [33m404[0m 21.201 ms - 155[0m
[0mGET /js/toggle_likes.js [33m404[0m 8.883 ms - 157[0m
[0mGET /js/chat_engine.js [33m404[0m 4.965 ms - 156[0m
[0mGET / [36m304[0m 19.314 ms - -[0m
[0mGET /css/layout.css [33m404[0m 4.425 ms - 153[0m
[0mGET /css/header.css [33m404[0m 4.505 ms - 153[0m
[0mGET /css/footer.css [33m404[0m 10.413 ms - 153[0m
[0mGET /js/home_post_comments.js [33m404[0m 21.773 ms - 163[0m
[0mGET /css/home.css [33m404[0m 24.034 ms - 151[0m
[0mGET /css/chat_box.css [33m404[0m 23.667 ms - 155[0m
[0mGET /js/home_posts.js [33m404[0m 25.282 ms - 155[0m
[0mGET /js/toggle_likes.js [33m404[0m 25.414 ms - 157[0m
[0mGET /js/chat_engine.js [33m404[0m 13.075 ms - 156[0m
[0mGET / [31m500[0m 100.077 ms - 2237[0m
[0mGET / [31m500[0m 72.591 ms - 2237[0m
[0mGET /favicon.ico [33m404[0m 9.067 ms - 150[0m
[0mGET /users/sign-in [36m302[0m 45.929 ms - 72[0m
[0mGET /users/profile [33m404[0m 7.830 ms - 152[0m
[0mGET /users/profile [33m404[0m 11.355 ms - 152[0m
[0mGET /users/profile [33m404[0m 29.025 ms - 152[0m
[0mGET / [31m500[0m 28.150 ms - 2237[0m
[0mGET / [32m200[0m 68.663 ms - 9015[0m
[0mGET /js/home_post_comments.js [33m404[0m 5.715 ms - 163[0m
[0mGET /js/home_posts.js [33m404[0m 6.626 ms - 155[0m
[0mGET /js/toggle_likes.js [33m404[0m 7.007 ms - 157[0m
[0mGET /js/chat_engine.js [33m404[0m 16.817 ms - 156[0m
[0mGET /favicon.ico [33m404[0m 6.072 ms - 150[0m
[0mGET /users/profile/62bbb1ae62d112f360f72753 [36m304[0m 53.429 ms - -[0m
[0mGET /users/profile/css/layout.css [33m404[0m 14.030 ms - 167[0m
[0mGET /users/profile/css/header.css [33m404[0m 10.921 ms - 167[0m
[0mGET /users/profile/css/footer.css [33m404[0m 20.997 ms - 167[0m
[0mGET /users/profile/css/user_profile.css [33m404[0m 27.592 ms - 173[0m
[0mGET /users/profile/62bbb1ae62d112f360f72753 [32m200[0m 88.361 ms - 1890[0m
[0mGET /users/profile/css/layout.css [33m404[0m 21.321 ms - 167[0m
[0mGET /users/profile/css/header.css [33m404[0m 22.151 ms - 167[0m
[0mGET /users/profile/css/footer.css [33m404[0m 22.435 ms - 167[0m
[0mGET /users/profile/css/user_profile.css [33m404[0m 27.647 ms - 173[0m
[0mGET /users/profile/css/layout.css [33m404[0m 13.181 ms - 167[0m
[0mGET /users/profile/css/header.css [33m404[0m 12.785 ms - 167[0m
[0mGET /users/profile/css/user_profile.css [33m404[0m 10.070 ms - 173[0m
[0mGET /users/profile/css/footer.css [33m404[0m 14.793 ms - 167[0m
[0mGET /favicon.ico [33m404[0m 5.603 ms - 150[0m
[0mGET /users/profile/62bbb1ae62d112f360f72753 [31m500[0m 39.769 ms - 1669[0m
[0mGET /users/profile/62bbb1ae62d112f360f72753 [32m200[0m 43.249 ms - 1890[0m
[0mGET /users/profile/css/layout.css [33m404[0m 10.501 ms - 167[0m
[0mGET /users/profile/css/header.css [33m404[0m 20.810 ms - 167[0m
[0mGET /users/profile/css/footer.css [33m404[0m 20.440 ms - 167[0m
[0mGET /users/profile/css/user_profile.css [33m404[0m 15.028 ms - 173[0m
[0mGET /users/profile/css/layout.css [33m404[0m 15.339 ms - 167[0m
[0mGET /users/profile/css/header.css [33m404[0m 19.361 ms - 167[0m
[0mGET /users/profile/css/footer.css [33m404[0m 20.067 ms - 167[0m
[0mGET /users/profile/css/user_profile.css [33m404[0m 13.730 ms - 173[0m
[0mGET /favicon.ico [33m404[0m 4.493 ms - 150[0m
[0mGET / [36m304[0m 74.086 ms - -[0m
[0mGET /css/layout.css [33m404[0m 9.979 ms - 153[0m
[0mGET /css/header.css [33m404[0m 18.374 ms - 153[0m
[0mGET /css/footer.css [33m404[0m 17.866 ms - 153[0m
[0mGET /css/home.css [33m404[0m 17.414 ms - 151[0m
[0mGET /js/home_post_comments.js [33m404[0m 13.040 ms - 163[0m
[0mGET /css/chat_box.css [33m404[0m 21.071 ms - 155[0m
[0mGET /js/home_posts.js [33m404[0m 24.259 ms - 155[0m
[0mGET /js/chat_engine.js [33m404[0m 19.735 ms - 156[0m
[0mGET /js/toggle_likes.js [33m404[0m 23.085 ms - 157[0m
[0mGET / [32m200[0m 31.265 ms - 9015[0m
[0mGET /js/home_post_comments.js [33m404[0m 23.784 ms - 163[0m
[0mGET /css/layout.css [33m404[0m 24.032 ms - 153[0m
[0mGET /css/header.css [33m404[0m 24.446 ms - 153[0m
[0mGET /css/footer.css [33m404[0m 23.670 ms - 153[0m
[0mGET /css/chat_box.css [33m404[0m 20.249 ms - 155[0m
[0mGET /css/home.css [33m404[0m 42.744 ms - 151[0m
[0mGET /js/home_posts.js [33m404[0m 15.518 ms - 155[0m
[0mGET /js/toggle_likes.js [33m404[0m 16.118 ms - 157[0m
[0mGET /js/chat_engine.js [33m404[0m 16.759 ms - 156[0m
[0mGET /css/layout.css [33m404[0m 43.671 ms - 153[0m
[0mGET /css/header.css [33m404[0m 37.420 ms - 153[0m
[0mGET /css/footer.css [33m404[0m 37.152 ms - 153[0m
[0mGET /css/home.css [33m404[0m 36.155 ms - 151[0m
[0mGET /css/chat_box.css [33m404[0m 34.540 ms - 155[0m
[0mGET /favicon.ico [33m404[0m 4.823 ms - 150[0m
[0mGET /css/layout.css [33m404[0m 13.247 ms - 153[0m
[0mGET /css/header.css [33m404[0m 25.433 ms - 153[0m
[0mGET /css/footer.css [33m404[0m 29.579 ms - 153[0m
[0mGET /css/home.css [33m404[0m 31.724 ms - 151[0m
[0mGET /css/chat_box.css [33m404[0m 37.499 ms - 155[0m
[0mGET / [32m200[0m 55.968 ms - 9018[0m
[0mGET /css/layout.css [33m404[0m 5.467 ms - 153[0m
[0mGET /js/home_post_comments.js [33m404[0m 20.023 ms - 163[0m
[0mGET /css/header.css [33m404[0m 31.073 ms - 153[0m
[0mGET /css/footer.css [33m404[0m 32.035 ms - 153[0m
[0mGET /css/chat_box.css [33m404[0m 29.859 ms - 155[0m
[0mGET /css/home.css [33m404[0m 30.713 ms - 151[0m
[0mGET /js/home_posts.js [33m404[0m 30.035 ms - 155[0m
[0mGET /js/toggle_likes.js [33m404[0m 8.271 ms - 157[0m
[0mGET /js/chat_engine.js [33m404[0m 7.212 ms - 156[0m
[0mGET /css/layout.css [33m404[0m 8.802 ms - 153[0m
[0mGET /css/header.css [33m404[0m 17.182 ms - 153[0m
[0mGET /css/footer.css [33m404[0m 17.049 ms - 153[0m
[0mGET /css/home.css [33m404[0m 16.431 ms - 151[0m
[0mGET /css/chat_box.css [33m404[0m 11.254 ms - 155[0m
[0mGET /favicon.ico [33m404[0m 4.313 ms - 150[0m
[0mGET / [36m304[0m 88.000 ms - -[0m
[0mGET /js/home_post_comments.js [33m404[0m 21.411 ms - 163[0m
[0mGET /css/layout.css [33m404[0m 22.518 ms - 153[0m
[0mGET /css/header.css [33m404[0m 22.969 ms - 153[0m
[0mGET /css/chat_box.css [33m404[0m 23.667 ms - 155[0m
[0mGET /css/home.css [33m404[0m 23.272 ms - 151[0m
[0mGET /css/footer.css [33m404[0m 22.867 ms - 153[0m
[0mGET /js/toggle_likes.js [33m404[0m 9.893 ms - 157[0m
[0mGET /js/home_posts.js [33m404[0m 14.706 ms - 155[0m
[0mGET /js/chat_engine.js [33m404[0m 10.059 ms - 156[0m
[0mGET /css/layout.css [33m404[0m 4.163 ms - 153[0m
[0mGET /css/header.css [33m404[0m 16.242 ms - 153[0m
[0mGET /css/footer.css [33m404[0m 17.058 ms - 153[0m
[0mGET /css/home.css [33m404[0m 17.616 ms - 151[0m
[0mGET /css/chat_box.css [33m404[0m 17.949 ms - 155[0m
[0mGET /users/profile/62bbb1ae62d112f360f72753 [32m200[0m 54.570 ms - 1893[0m
[0mGET /css/layout.css [33m404[0m 4.727 ms - 153[0m
[0mGET /users/profile/css/user_profile.css [33m404[0m 11.242 ms - 173[0m
[0mGET /css/header.css [33m404[0m 6.831 ms - 153[0m
[0mGET /css/footer.css [33m404[0m 10.499 ms - 153[0m
[0mGET / [36m304[0m 75.871 ms - -[0m
[0mGET /css/layout.css [33m404[0m 4.083 ms - 153[0m
[0mGET /css/header.css [33m404[0m 13.314 ms - 153[0m
[0mGET /js/home_post_comments.js [33m404[0m 19.278 ms - 163[0m
[0mGET /js/home_posts.js [33m404[0m 21.707 ms - 155[0m
[0mGET /css/footer.css [33m404[0m 27.284 ms - 153[0m
[0mGET /css/home.css [33m404[0m 24.799 ms - 151[0m
[0mGET /css/chat_box.css [33m404[0m 26.862 ms - 155[0m
[0mGET /js/toggle_likes.js [33m404[0m 14.511 ms - 157[0m
[0mGET /js/chat_engine.js [33m404[0m 10.059 ms - 156[0m
[0mGET / [32m200[0m 93.630 ms - 9018[0m
[0mGET /js/home_post_comments.js [33m404[0m 20.672 ms - 163[0m
[0mGET /css/layout.css [33m404[0m 27.853 ms - 153[0m
[0mGET /css/header.css [33m404[0m 30.366 ms - 153[0m
[0mGET /css/footer.css [33m404[0m 31.500 ms - 153[0m
[0mGET /css/home.css [33m404[0m 32.293 ms - 151[0m
[0mGET /css/chat_box.css [33m404[0m 54.033 ms - 155[0m
[0mGET /js/home_posts.js [33m404[0m 9.784 ms - 155[0m
[0mGET /js/toggle_likes.js [33m404[0m 7.481 ms - 157[0m
[0mGET /js/chat_engine.js [33m404[0m 5.739 ms - 156[0m
[0mGET /css/layout.css [33m404[0m 7.446 ms - 153[0m
[0mGET /css/header.css [33m404[0m 6.077 ms - 153[0m
[0mGET /css/footer.css [33m404[0m 12.973 ms - 153[0m
[0mGET /css/home.css [33m404[0m 18.471 ms - 151[0m
[0mGET /css/chat_box.css [33m404[0m 19.000 ms - 155[0m
[0mGET /favicon.ico [33m404[0m 4.204 ms - 150[0m
